  Building Custom Rule D:/InterestingProgramming/openGL/OpenGLLearningII/OpenGLLearningII/Dependencies/glfw/src/CMakeLists.txt
  context.c
  init.c
  input.c
  monitor.c
  vulkan.c
  window.c
  win32_init.c
  win32_joystick.c
  win32_monitor.c
  win32_time.c
  win32_thread.c
  win32_window.c
  wgl_context.c
  egl_context.c
  osmesa_context.c
  正在生成代码...
  glfw.vcxproj -> D:\InterestingProgramming\openGL\OpenGLLearningII\OpenGLLearningII\Dependencies\glfw\build\src\Debug\glfw3.lib

项目性能摘要:
        4 毫秒 D:\InterestingProgramming\openGL\OpenGLLearningII\OpenGLLearningII\Dependencies\glfw\build\ZERO_CHECK.vcxproj   4 次调用
                  1 毫秒 GetTargetPath                              1 次调用
                  1 毫秒 GetNativeManifest                          1 次调用
                  1 毫秒 GetProjectInfoForReference                 1 次调用
                  1 毫秒 GetCopyToOutputDirectoryItems              1 次调用
     3243 毫秒 D:\InterestingProgramming\openGL\OpenGLLearningII\OpenGLLearningII\Dependencies\glfw\build\src\glfw.vcxproj   1 次调用
               3243 毫秒 Build                                      1 次调用

目标性能摘要:
        0 毫秒 _CheckForInvalidConfigurationAndPlatform   1 次调用
        0 毫秒 _Manifest                                  1 次调用
        0 毫秒 _ALink                                     1 次调用
        0 毫秒 ComputeLegacyManifestEmbedding             1 次调用
        0 毫秒 BuildLinkTraverse                          1 次调用
        0 毫秒 BuildCompile                               1 次调用
        0 毫秒 _BuildCompileAction                        1 次调用
        0 毫秒 AfterBuildCompileEvent                     1 次调用
        0 毫秒 _Lib                                       1 次调用
        0 毫秒 AfterLib                                   1 次调用
        0 毫秒 PreLinkEvent                               1 次调用
        0 毫秒 MakeDirsForLib                             1 次调用
        0 毫秒 ComputeReferenceLibInputs                  1 次调用
        0 毫秒 ResolvedLinkLib                            1 次调用
        0 毫秒 ComputeLibInputsFromProject                1 次调用
        0 毫秒 ComputeCLGeneratedLibInputs                1 次调用
        0 毫秒 ComputeRCGeneratedLibInputs                1 次调用
        0 毫秒 ComputeRCOutputs                           1 次调用
        0 毫秒 ComputeLibAdditionalOptions                1 次调用
        0 毫秒 BeforeLib                                  1 次调用
        0 毫秒 _ResourceCompile                           1 次调用
        0 毫秒 AfterResourceCompile                       1 次调用
        0 毫秒 MakeDirsForResourceCompile                 1 次调用
        0 毫秒 BeforeResourceCompile                      1 次调用
        0 毫秒 _ClCompile                                 1 次调用
        0 毫秒 SelectClCompile                            1 次调用
        0 毫秒 ResolvedXDCMake                            1 次调用
        0 毫秒 ComputeCLCompileGeneratedXDCFiles          1 次调用
        0 毫秒 MakeDirsForXdcMake                         1 次调用
        0 毫秒 _XdcMake                                   1 次调用
        0 毫秒 IncrementalClean                           1 次调用
        0 毫秒 AfterBuild                                 1 次调用
        0 毫秒 BuildLink                                  1 次调用
        0 毫秒 _BuildLinkAction                           1 次调用
        0 毫秒 PostBuildEvent                             1 次调用
        0 毫秒 PrepareForRun                              1 次调用
        0 毫秒 CopyFilesToOutputDirectory                 1 次调用
        0 毫秒 _CheckForCompileOutputs                    1 次调用
        0 毫秒 _CopySourceItemsToOutputDirectory          1 次调用
        0 毫秒 _GetCopyToOutputDirectoryItemsFromThisProject   2 次调用
        0 毫秒 GetCopyToOutputDirectoryXamlAppDefs        2 次调用
        0 毫秒 _PopulateCommonStateForGetCopyToOutputDirectoryItems   2 次调用
        0 毫秒 MakeDirsForCl                              1 次调用
        0 毫秒 _Deploy                                    1 次调用
        0 毫秒 CreateSatelliteAssemblies                  1 次调用
        0 毫秒 _GenerateSatelliteAssemblyInputs           1 次调用
        0 毫秒 ContentFilesProjectOutputGroup             1 次调用
        0 毫秒 MakeDirsForFxc                             1 次调用
        0 毫秒 PrepareResourceNames                       1 次调用
        0 毫秒 CreateCustomManifestResourceNames          1 次调用
        0 毫秒 SplitResourcesByCulture                    1 次调用
        0 毫秒 AssignTargetPaths                          1 次调用
        0 毫秒 BuiltProjectOutputGroup                    1 次调用
        0 毫秒 _BscMake                                   1 次调用
        0 毫秒 MakeDirsForBscMake                         1 次调用
        0 毫秒 ComputeCLCompileGeneratedSbrFiles          1 次调用
        0 毫秒 _Appverifier                               1 次调用
        0 毫秒 GetProjectInfoForReference                 1 次调用
        0 毫秒 AfterClCompile                             1 次调用
        0 毫秒 GetResolvedLinkLibs                        1 次调用
        0 毫秒 _SelectedFiles                             1 次调用
        0 毫秒 PreBuildEvent                              1 次调用
        0 毫秒 BeforeBuildGenerateSources                 1 次调用
        0 毫秒 AddLibrariesToProjectsInfoForReference     1 次调用
        0 毫秒 ResolveReferences                          1 次调用
        0 毫秒 AfterResolveReferences                     1 次调用
        0 毫秒 ResolveAssemblyReferences                  1 次调用
        0 毫秒 ExpandSDKReferences                        1 次调用
        0 毫秒 ResolveSDKReferences                       1 次调用
        0 毫秒 SetCABuildNativeEnvironmentVariables       1 次调用
        0 毫秒 GetResolvedWinMD                           1 次调用
        0 毫秒 SelectCustomBuild                          1 次调用
        0 毫秒 SetBuildDefaultEnvironmentVariables        1 次调用
        0 毫秒 GetFrameworkPaths                          1 次调用
        0 毫秒 GetTargetPath                              1 次调用
        0 毫秒 GetTargetPathWithTargetPlatformMoniker     1 次调用
        0 毫秒 _RemoveNameMetadataFromProjectReferenceItems   1 次调用
        0 毫秒 PrepareProjectReferences                   1 次调用
        0 毫秒 _GetProjectReferenceTargetFrameworkProperties   1 次调用
        0 毫秒 _AddOutputPathToGlobalPropertiesToRemove   1 次调用
        0 毫秒 BeforeResolveReferences                    1 次调用
        0 毫秒 _PrepareForReferenceResolution             1 次调用
        0 毫秒 _PrepareForBuild                           1 次调用
        0 毫秒 SetTelemetryEnvironmentVariables           1 次调用
        0 毫秒 AddExternalIncludDirectoriesToPaths        1 次调用
        0 毫秒 ComputeCustomBuildOutput                   1 次调用
        0 毫秒 BuildGenerateSourcesTraverse               1 次调用
        0 毫秒 Build                                      1 次调用
        0 毫秒 GetPublicIncludeDirectories                1 次调用
        0 毫秒 AddPublicBMIsToProjectsInfoForReference    1 次调用
        0 毫秒 FindReferenceAssembliesForReferences       2 次调用
        0 毫秒 CopyFileToFolders                          1 次调用
        0 毫秒 ComputeCLInputPDBName                      2 次调用
        0 毫秒 BeforeClCompile                            1 次调用
        0 毫秒 BuildCompileTraverse                       1 次调用
        0 毫秒 ComputeReferenceCLInput                    2 次调用
        0 毫秒 AddDeployRecipeFileToProjectsInfoForReference   1 次调用
        0 毫秒 BuildGenerateSources                       1 次调用
        0 毫秒 _BuildGenerateSourcesAction                1 次调用
        0 毫秒 AddPublicIncludeDirectoriesToProjectsInfoForReference   1 次调用
        0 毫秒 AfterBuildGenerateSources                  1 次调用
        0 毫秒 _Midl                                      1 次调用
        0 毫秒 _Xsd                                       1 次调用
        0 毫秒 ComputeMIDLGeneratedCompileInputs          1 次调用
        0 毫秒 AfterBuildGenerateSourcesEvent             1 次调用
        0 毫秒 AfterMidl                                  1 次调用
        1 毫秒 RegisterOutput                             1 次调用
        1 毫秒 ComputeCLOutputs                           1 次调用
        1 毫秒 FinalizeBuildStatus                        1 次调用
        1 毫秒 InitializeBuildStatus                      1 次调用
        1 毫秒 WarnCompileDuplicatedFilename              2 次调用
        1 毫秒 _CleanGetCurrentAndPriorFileWrites         1 次调用
        1 毫秒 DoLibOutputFilesMatch                      1 次调用
        1 毫秒 GetReferenceAssemblyPaths                  1 次调用
        1 毫秒 _CheckWindowsSDKInstalled                  1 次调用
        1 毫秒 MakeDirsForMidl                            1 次调用
        1 毫秒 SatelliteDllsProjectOutputGroup            1 次调用
        1 毫秒 GetNativeManifest                          1 次调用
        2 毫秒 CreateRecipeFile                           1 次调用
        2 毫秒 PrepareForBuild                            1 次调用
        2 毫秒 _GetCopyToOutputDirectoryItemsFromTransitiveProjectReferences   2 次调用
        3 毫秒 _SplitProjectReferencesByFileExistence     1 次调用
        3 毫秒 GetReferencedVCProjectsInfo                1 次调用
        3 毫秒 FixupCLCompileOptions                      1 次调用
        4 毫秒 GetCopyToOutputDirectoryItems              2 次调用
       23 毫秒 AssignProjectConfiguration                 1 次调用
       27 毫秒 ResolveProjectReferences                   1 次调用
       79 毫秒 CustomBuild                                1 次调用
      112 毫秒 Lib                                        1 次调用
     2974 毫秒 ClCompile                                  1 次调用

任务性能摘要:
        0 毫秒 Message                                    3 次调用
        0 毫秒 ConvertToAbsolutePath                      1 次调用
        0 毫秒 CreateItem                                 2 次调用
        0 毫秒 AssignCulture                              1 次调用
        0 毫秒 AssignTargetPath                          10 次调用
        0 毫秒 Delete                                     3 次调用
        0 毫秒 FindUnderPath                              5 次调用
        0 毫秒 WriteLinesToFile                           1 次调用
        0 毫秒 RemoveDuplicates                           2 次调用
        0 毫秒 CheckVCToolsetVersion                      1 次调用
        0 毫秒 SetEnv                                     9 次调用
        0 毫秒 ReadLinesFromFile                          2 次调用
        2 毫秒 Touch                                      2 次调用
        2 毫秒 GenerateDesktopDeployRecipe                1 次调用
        2 毫秒 GetOutOfDateItems                          3 次调用
        2 毫秒 MakeDir                                   10 次调用
        2 毫秒 CallTarget                                 4 次调用
        3 毫秒 ResolveNonMSBuildProjectOutput             1 次调用
       22 毫秒 AssignProjectConfiguration                 1 次调用
       32 毫秒 MSBuild                                    4 次调用
       77 毫秒 CustomBuild                                1 次调用
      112 毫秒 LIB                                        1 次调用
     2972 毫秒 CL                                         1 次调用
