  Building Custom Rule D:/InterestingProgramming/openGL/OpenGLLearningII/OpenGLLearningII/Dependencies/glfw/src/CMakeLists.txt
  CMake is re-running because D:/InterestingProgramming/openGL/OpenGLLearningII/OpenGLLearningII/Dependencies/glfw/build/src/CMakeFiles/generate.stamp is out-of-date.
    the file 'D:/InterestingProgramming/openGL/OpenGLLearningII/OpenGLLearningII/Dependencies/glfw/src/CMakeLists.txt'
    is newer than 'D:/InterestingProgramming/openGL/OpenGLLearningII/OpenGLLearningII/Dependencies/glfw/build/src/CMakeFiles/generate.stamp.depend'
    result='0'
CUSTOMBUILD : CMake error : The source directory "D:/InterestingProgramming/openGL/OpenGLLearningII/OpenGLLearningII/Dependencies/glfw" does not appear to contain CMakeLists.txt.
  Specify --help for usage, or press the help button on the CMake GUI.
C:\Program Files (x86)\Microsoft Visual Studio\2019\Community\MSBuild\Microsoft\VC\v160\Microsoft.CppCommon.targets(241,5): error MSB8066: “D:\InterestingProgramming\openGL\OpenGLLearningII\OpenGLLearningII\Dependencies\glfw\src\CMakeLists.txt”的自定义生成已退出，代码为 1。

项目性能摘要:
        1 毫秒 D:\InterestingProgramming\openGL\OpenGLLearningII\OpenGLLearningII\Dependencies\glfw\build\ZERO_CHECK.vcxproj   2 次调用
                  0 毫秒 GetTargetPath                              1 次调用
                  1 毫秒 GetNativeManifest                          1 次调用
      252 毫秒 D:\InterestingProgramming\openGL\OpenGLLearningII\OpenGLLearningII\Dependencies\glfw\build\src\glfw.vcxproj   1 次调用
                252 毫秒 Build                                      1 次调用

目标性能摘要:
        0 毫秒 GetReferenceAssemblyPaths                  1 次调用
        0 毫秒 AfterResolveReferences                     1 次调用
        0 毫秒 ResolveAssemblyReferences                  1 次调用
        0 毫秒 ExpandSDKReferences                        1 次调用
        0 毫秒 ResolveSDKReferences                       1 次调用
        0 毫秒 BuildGenerateSourcesTraverse               1 次调用
        0 毫秒 SetCABuildNativeEnvironmentVariables       1 次调用
        0 毫秒 _CheckWindowsSDKInstalled                  1 次调用
        0 毫秒 AddExternalIncludDirectoriesToPaths        1 次调用
        0 毫秒 GetFrameworkPaths                          1 次调用
        0 毫秒 BeforeBuildGenerateSources                 1 次调用
        0 毫秒 ResolveReferences                          1 次调用
        0 毫秒 GetTargetPathWithTargetPlatformMoniker     1 次调用
        0 毫秒 GetTargetPath                              1 次调用
        0 毫秒 PreBuildEvent                              1 次调用
        0 毫秒 _RemoveNameMetadataFromProjectReferenceItems   1 次调用
        0 毫秒 PrepareProjectReferences                   1 次调用
        0 毫秒 _AddOutputPathToGlobalPropertiesToRemove   1 次调用
        0 毫秒 _SelectedFiles                             1 次调用
        0 毫秒 SelectCustomBuild                          1 次调用
        0 毫秒 BeforeResolveReferences                    1 次调用
        0 毫秒 _PrepareForReferenceResolution             2 次调用
        0 毫秒 _PrepareForBuild                           1 次调用
        0 毫秒 SetTelemetryEnvironmentVariables           1 次调用
        0 毫秒 GetResolvedWinMD                           2 次调用
        1 毫秒 _GetProjectReferenceTargetFrameworkProperties   1 次调用
        1 毫秒 SetBuildDefaultEnvironmentVariables        1 次调用
        1 毫秒 ComputeCustomBuildOutput                   1 次调用
        1 毫秒 InitializeBuildStatus                      1 次调用
        1 毫秒 _CheckForInvalidConfigurationAndPlatform   1 次调用
        1 毫秒 GetNativeManifest                          1 次调用
        2 毫秒 AssignProjectConfiguration                 1 次调用
        2 毫秒 PrepareForBuild                            1 次调用
        2 毫秒 _SplitProjectReferencesByFileExistence     1 次调用
       47 毫秒 ResolveProjectReferences                   1 次调用
      192 毫秒 CustomBuild                                1 次调用

任务性能摘要:
        0 毫秒 ReadLinesFromFile                          1 次调用
        0 毫秒 Touch                                      1 次调用
        1 毫秒 SetEnv                                     9 次调用
        1 毫秒 MakeDir                                    3 次调用
        1 毫秒 WriteLinesToFile                           1 次调用
        1 毫秒 CheckVCToolsetVersion                      1 次调用
        1 毫秒 Message                                    2 次调用
        1 毫秒 ResolveNonMSBuildProjectOutput             1 次调用
        2 毫秒 AssignProjectConfiguration                 1 次调用
        3 毫秒 GetOutOfDateItems                          2 次调用
       47 毫秒 MSBuild                                    2 次调用
      189 毫秒 CustomBuild                                1 次调用
