  Checking Build System

项目性能摘要:
      237 毫秒 D:\InterestingProgramming\openGL\OpenGLLearningII\OpenGLLearningII\Dependencies\glfw\build\ZERO_CHECK.vcxproj   1 次调用
                237 毫秒 Build                                      1 次调用

目标性能摘要:
        0 毫秒 CopyFileToFolders                          1 次调用
        0 毫秒 _Xsd                                       1 次调用
        0 毫秒 MakeDirsForMidl                            1 次调用
        0 毫秒 ComputeMIDLGeneratedCompileInputs          1 次调用
        0 毫秒 AfterMidl                                  1 次调用
        0 毫秒 _Midl                                      1 次调用
        0 毫秒 AfterBuildGenerateSources                  1 次调用
        0 毫秒 AfterBuildGenerateSourcesEvent             1 次调用
        0 毫秒 _BuildGenerateSourcesAction                1 次调用
        0 毫秒 BuildGenerateSources                       1 次调用
        0 毫秒 BuildCompileTraverse                       1 次调用
        0 毫秒 _BuildCompileAction                        1 次调用
        0 毫秒 BuildCompile                               1 次调用
        0 毫秒 ComputeCustomBuildOutput                   1 次调用
        0 毫秒 BuildLinkTraverse                          1 次调用
        0 毫秒 SplitResourcesByCulture                    1 次调用
        0 毫秒 CreateCustomManifestResourceNames          1 次调用
        0 毫秒 PrepareResourceNames                       1 次调用
        0 毫秒 MakeDirsForFxc                             1 次调用
        0 毫秒 ContentFilesProjectOutputGroup             1 次调用
        0 毫秒 GetReferencedVCProjectsInfo                1 次调用
        0 毫秒 PostBuildEvent                             1 次调用
        0 毫秒 _BuildLinkAction                           1 次调用
        0 毫秒 BuildLink                                  1 次调用
        0 毫秒 AfterBuild                                 1 次调用
        0 毫秒 _CheckForCompileOutputs                    1 次调用
        0 毫秒 IncrementalClean                           1 次调用
        0 毫秒 AssignTargetPaths                          1 次调用
        0 毫秒 SelectCustomBuild                          1 次调用
        0 毫秒 Build                                      1 次调用
        0 毫秒 AddExternalIncludDirectoriesToPaths        1 次调用
        0 毫秒 GetFrameworkPaths                          1 次调用
        0 毫秒 GetReferenceAssemblyPaths                  1 次调用
        0 毫秒 _SelectedFiles                             1 次调用
        0 毫秒 _AddOutputPathToGlobalPropertiesToRemove   1 次调用
        0 毫秒 SetBuildDefaultEnvironmentVariables        1 次调用
        0 毫秒 GetResolvedWinMD                           1 次调用
        0 毫秒 _SplitProjectReferencesByFileExistence     1 次调用
        0 毫秒 SetCABuildNativeEnvironmentVariables       1 次调用
        0 毫秒 AssignProjectConfiguration                 1 次调用
        0 毫秒 ResolveSDKReferences                       1 次调用
        0 毫秒 ExpandSDKReferences                        1 次调用
        0 毫秒 ResolveAssemblyReferences                  1 次调用
        0 毫秒 AfterResolveReferences                     1 次调用
        0 毫秒 ResolveReferences                          1 次调用
        0 毫秒 BeforeResolveReferences                    1 次调用
        0 毫秒 BuildGenerateSourcesTraverse               1 次调用
        0 毫秒 BeforeBuildGenerateSources                 1 次调用
        0 毫秒 _PrepareForReferenceResolution             1 次调用
        0 毫秒 SetTelemetryEnvironmentVariables           1 次调用
        0 毫秒 _GetProjectReferenceTargetFrameworkProperties   1 次调用
        0 毫秒 PrepareProjectReferences                   1 次调用
        1 毫秒 _CheckForInvalidConfigurationAndPlatform   1 次调用
        1 毫秒 BuiltProjectOutputGroup                    1 次调用
        1 毫秒 _CleanGetCurrentAndPriorFileWrites         1 次调用
        1 毫秒 ResolveProjectReferences                   1 次调用
        1 毫秒 FinalizeBuildStatus                        1 次调用
        1 毫秒 InitializeBuildStatus                      1 次调用
        1 毫秒 _CheckWindowsSDKInstalled                  1 次调用
        1 毫秒 PreBuildEvent                              1 次调用
        1 毫秒 SatelliteDllsProjectOutputGroup            1 次调用
        1 毫秒 _PrepareForBuild                           1 次调用
        1 毫秒 CreateRecipeFile                           1 次调用
        2 毫秒 PrepareForBuild                            1 次调用
      224 毫秒 CustomBuild                                1 次调用

任务性能摘要:
        0 毫秒 Message                                    2 次调用
        0 毫秒 FindUnderPath                              5 次调用
        0 毫秒 ConvertToAbsolutePath                      1 次调用
        0 毫秒 AssignCulture                              1 次调用
        0 毫秒 AssignTargetPath                           4 次调用
        0 毫秒 RemoveDuplicates                           2 次调用
        0 毫秒 Delete                                     2 次调用
        0 毫秒 MakeDir                                    5 次调用
        0 毫秒 MSBuild                                    1 次调用
        0 毫秒 AssignProjectConfiguration                 1 次调用
        0 毫秒 SetEnv                                     9 次调用
        0 毫秒 ReadLinesFromFile                          2 次调用
        1 毫秒 Touch                                      2 次调用
        1 毫秒 WriteLinesToFile                           1 次调用
        1 毫秒 CheckVCToolsetVersion                      1 次调用
        1 毫秒 CreateItem                                 2 次调用
        1 毫秒 GenerateDesktopDeployRecipe                1 次调用
       27 毫秒 GetOutOfDateItems                          3 次调用
      196 毫秒 CustomBuild                                1 次调用
