d:\interestingprogramming\opengl\opengllearningii\opengllearningii\x64\debug\vc142.pdb
d:\interestingprogramming\opengl\opengllearningii\opengllearningii\x64\debug\vc142.idb
d:\interestingprogramming\opengl\opengllearningii\opengllearningii\x64\debug\main.obj
d:\interestingprogramming\opengl\opengllearningii\opengllearningii\x64\debug\window.obj
d:\interestingprogramming\opengl\opengllearningii\opengllearningii\x64\debug\shaderprogram.obj
d:\interestingprogramming\opengl\opengllearningii\opengllearningii\x64\debug\texture.obj
d:\interestingprogramming\opengl\opengllearningii\opengllearningii\x64\debug\glad.obj
d:\interestingprogramming\opengl\opengllearningii\opengllearningii\x64\debug\vertexbuffer.obj
d:\interestingprogramming\opengl\opengllearningii\opengllearningii\x64\debug\vertexarray.obj
d:\interestingprogramming\opengl\opengllearningii\opengllearningii\x64\debug\stb_image.obj
d:\interestingprogramming\opengl\opengllearningii\opengllearningii\x64\debug\indexbuffer.obj
d:\interestingprogramming\opengl\opengllearningii\opengllearningii\x64\debug\mesh.obj
d:\interestingprogramming\opengl\opengllearningii\x64\debug\output\opengllearningii.exe
d:\interestingprogramming\opengl\opengllearningii\opengllearningii\x64\debug\opengllearningii.ilk
d:\interestingprogramming\opengl\opengllearningii\x64\debug\output\opengllearningii.pdb
d:\interestingprogramming\opengl\opengllearningii\opengllearningii\x64\debug\opengllearningii.tlog\cl.command.1.tlog
d:\interestingprogramming\opengl\opengllearningii\opengllearningii\x64\debug\opengllearningii.tlog\cl.read.1.tlog
d:\interestingprogramming\opengl\opengllearningii\opengllearningii\x64\debug\opengllearningii.tlog\cl.write.1.tlog
d:\interestingprogramming\opengl\opengllearningii\opengllearningii\x64\debug\opengllearningii.tlog\link.command.1.tlog
d:\interestingprogramming\opengl\opengllearningii\opengllearningii\x64\debug\opengllearningii.tlog\link.read.1.tlog
d:\interestingprogramming\opengl\opengllearningii\opengllearningii\x64\debug\opengllearningii.tlog\link.write.1.tlog
